230826814 230826A L R 19:32:47.07 05:32:03 +66:07 yy&& - . Swift
230818977 230818A L R 23:27:34.35 19:03:32 +40:53 yyyn 2.42 . Swift
230815451 230815A L R ........... 12:18:54 -58:03 yyy& - . Swift
230812790 230812B L R ........... 17:48:25 +11:39 yyyy 0.360 . Swift
230805475 230805B L R 11:23:51.07 13:50:59 +31:11 yyy& - . Swift
230802285 230802A L R 06:50:26.16 05:04:53 +19:34 yy&& - . Swift
230728118 230728A L R 02:50:03.22 22:54:09 +28:09 yy&& - . Swift
230723488 230723B L R 11:42:32.88 16:41:31 -05:20 yy&& - . Swift
230707141 230707A L R ........... 11:32:48 -16:25 y&&& - . Swift
230606010 230606A L R ........... 11:07:08 +36:30 yyy& - . Swift
230510503 230510A L R 12:06:28.58 21:12:37 +34:27 yyy& - . Swift
230506715 230506C L R 17:09:19.35 08:57:30 +45:08 yy&& - . Swift
230506531 230506B L R ........... 21:47:58 +44:32 yy&& - . Swift
230421405 230421A L R ........... 02:46:49 +01:07 y&&& - . Swift
230405832 230405B L R 19:58:03.50 18:05:52 -47:04 yy&& - . Swift
230328621 230328B L R 14:54:48.54 19:23:57 +80:01 yyy& - . Swift
230228244 230228A L R 05:50:50.25 01:13:37 +44:29 yy&& - . Swift
230217912 230217A S R 21:53:10.66 18:43:05 -28:51 yyyy - . Swift
221231907 221231A L R ........... 22:25:02 +25:08 yy&& - . Swift
221216473 221216A L R 11:21:20.95 21:44:05 -34:24 yy&& - . Swift
221215177 221215A L R ........... 10:20:13 +46:52 y&&& - . Swift
221206516 221206B L R ........... 16:44:37 +42:40 y&&& - . Swift
221201517 221201A L I 12:25:05.68 17:47:44 -68:16 yy&& - . Swift
221120895 221120A S R ........... 02:45:17 +43:12 yy&& - . Swift
221024542 221024A L R 13:00:27.12 11:18:52 +33:02 yyy& - . Swift
221022815 221022A L R ........... 07:53:22 -05:07 y&&& - . Swift
221016986 221016A L R 23:39:24.19 02:35:48 -34:37 yyy& - . Swift
221009553 221009A L I 14:10:17.99 19:13:03 +19:48 yyyy 0.151 . Swift
220909286 220909A L R ........... 14:24:11 -08:51 y&&& - . Swift
220907587 220907A L R 14:05:25.76 17:55:29 -20:19 yy&& - . Swift
220831581 220831A S R ........... 01:37:01 -41:45 yyy& - . Swift
220826497 220826A L R 11:55:21.74 13:45:44 -44:03 yyy& - . Swift
220730659 220730A S R 15:48:54.89 15:00:05 -69:30 yy&& - . Swift
220715934 220715B L R 22:24:42.17 16:59:33 -33:36 yy&& - . Swift
220714582 220714B L R 13:58:04.55 03:08:17 -19:20 yyy& - . Swift
220711761 220711B L R 18:16:28.69 17:27:58 +24:40 yyy& - . Swift
220618382 220618A L R 09:10:29.92 02:35:52 +55:13 yy&& - . Swift
220606044 220606B S R ........... 01:53:54 -54:55 y&&& - . Swift
220521972 220521A L R 23:20:21.44 18:20:47 +10:23 yyy& 5.6 . Swift
220511571 220511A L R ........... 19:09:47 +17:44 yy&& - . Swift
220501828 220501A L R 19:51:51.22 05:42:18 +14:02 y&&& - . Swift
220418720 220418B S R ........... 14:57:19 -17:30 y&&& - . Swift
220412713 220412B S R 17:06:48.80 21:23:11 -00:13 y&&& - . Swift
220408240 220408A L R 05:46:04.22 13:29:36 +47:04 yyy& - . Swift
220403863 220403B L R 20:42:42.65 12:44:06 +89:10 yyy& - . Swift
220310933 220310C L R ........... 19:20:17 +40:15 y&&& - . Swift
220306761 220306B L R 18:15:37.47 00:21:31 +71:21 yyy& - . Swift
220210998 220210A L R ........... 23:03:07 +61:50 y&&& - . Swift
220118764 220118A L R 18:20:38.09 12:49:06 +22:55 yyy& - . Swift
220117199 220117C L R ........... 19:05:50 +16:47 y&&& - . Swift
220107615 220107A L R ........... 11:19:03 +34:08 yyy& 1.246 . Swift
211211549 211211A L R 13:09:59.60 14:09:05 +27:53 yyy& - . Swift
211129410 211129A L R 09:51:06.23 18:18:14 +31:47 yy&& - . Swift
210824174 210824A L R 04:10:01.64 15:28:32 +11:08 yy&& - . Swift
210807955 210807C L I 22:57:08.49 09:34:12 -51:25 yy&& - . Swift
210731931 210731A L I 22:21:08.53 20:01:15 -28:02 yyy& 1.2525 . Swift
210730207 210730A L R 04:57:29.21 09:58:22 +69:42 yy&& - . Swift
210725158 210725A L R 03:47:02.93 14:21:27 -01:11 yy&& - . Swift
210723615 210723A L R 14:46:10.91 08:06:54 -32:50 yy&& - . Swift
210722871 210722A L R 20:54:42.02 01:48:06 -06:21 yyy& 1.145 . Swift
210706346 210706A L R ........... 20:48:03 +13:18 yy&& - . Swift
210619999 210619B L R 23:59:25.41 21:18:51 +33:52 yyy& 1.937 . Swift
210618072 210618A L R 01:43:37.00 15:43:17 +46:03 yy&& - . Swift
210610827 210610B L R 19:51:27.51 16:15:45 +14:23 yyy& 1.13 . Swift
210610628 210610A L R 15:03:43.38 13:37:08 +14:29 yyy& 3.54 . Swift
210410037 210410A L R ........... 17:59:01 +45:22 yyy& - . Swift
210323918 210323A S R 22:02:18.40 21:11:49 +25:23 yyy& 0.733 h Swift
210318131 210318B L R ........... 17:36:55 -35:49 yy&& - . Swift
210308276 210308A L R 06:37:56.85 04:28:21 +37:25 yyy& - . Swift
210306397 210306B L R 09:32:14.27 22:07:23 +10:10 y&&& - . Swift
210305794 210305A L R 19:03:04.45 21:19:15 +34:33 yy&& - . Swift
210226197 210226A L R 04:43:57.23 08:16:33 +57:35 yy&& - . Swift
210211363 210211A L R 08:43:18.34 17:57:44 -46:18 yyy& - . Swift
210119121 210119A S R 02:54:09.80 18:51:13 -61:48 yyy& - . Swift
210104477 210104A L R 11:26:59.10 06:54:49 +64:40 yyy& 0.46 . Swift
210102861 210102C L R 20:38:11.37 15:42:57 -37:13 y&&& - . Swift
201223749 201223A L R 17:58:26.97 08:51:24 +71:10 yyy& - . Swift
201221963 201221D S R 23:06:34.28 11:24:12 +42:09 yyy& 1.045 . Swift
201216963 201216C L R 23:07:31.72 01:05:26 +16:32 yyy& 1.10 . Swift
201214672 201214B S R ........... 12:31:53 +09:06 y&&& - . Swift
201105215 201105A L R ........... 16:22:26 +12:44 y&&& - . Swift
201026943 201026A L R 22:37:34.18 13:06:39 +83:46 yy&& - . Swift
201021852 201021C L R 20:27:18.66 00:50:12 -55:50 yyy& 1.070 . Swift
201020241 201020A L I 05:47:26.16 17:24:59 +31:25 yyy& 2.903 . Swift
201017407 201017A L R 09:46:31.26 02:26:32 +66:40 yy&& - . Swift
201006054 201006A S R 01:17:52.03 04:07:31 +65:09 yy&& - . Swift
201001416 201001A L R 09:58:51.64 07:20:17 -02:13 yy&& - . Swift
200906550 200906A L R 13:11:04.07 18:09:10 +67:51 yy&& - . Swift
200903031 200903A L R 00:44:22.43 10:57:15 +50:30 y&&& - . Swift
200901158 200901A L R 03:47:31.56 04:07:02 -59:53 yyy& - . Swift
200829582 200829A L I 13:59:34.45 16:44:51 +72:20 yyy& 1.25 ph Swift
200809654 200809B L R ........... 01:03:46 -73:50 yy&& - . Swift
200716957 200716C L R 22:57:41.42 13:04:03 +29:38 yyy& - . Swift
200711461 200711A L R 11:04:36.49 19:03:54 -00:08 yy&& - . Swift
200529039 200529A L R 00:56:35.77 15:55:00 -11:03 yyy& - . Swift
200528436 200528A L R 10:27:23.84 11:46:33 +58:09 yy&& - . Swift
200416295 200416A L R 07:05:17.17 22:22:46 -07:32 yyy& - . Swift
200411187 200411A S R 04:29:02.28 03:10:38 -52:19 yy&n 0.7 phh Swift
200303107 200303A L R 02:34:57.45 14:10:47 +51:22 yy&& - . Swift
200228469 200228B L R 11:14:41.15 16:48:06 +16:58 yy&& - . Swift
200227306 200227A L R 07:20:08.00 03:45:45 +09:29 yy&& - . Swift
200224212 200224A L R 03:24:49.30 16:35:11 +41:41 yyy& - . Swift
200219317 200219A S R 07:36:49.13 22:50:35 -59:06 yy&n 0.48 phh Swift
200216564 200216B L R 13:32:33.85 10:41:51 +19:27 yy&& - . Swift
200215611 200215A L R 14:39:31.97 02:16:29 +12:47 yy&& - . Swift
200109074 200109A L R 01:46:16.21 20:28:41 +53:00 yy&& - . Swift
200107810 200107B L R 19:26:28.70 07:08:16 -83:43 yyy& - . Swift
191227069 191227A L R 01:39:37.57 21:16:41 -16:42 yyy& - . Swift
191101895 191101A L R 21:08:03.35 16:47:23 +43:45 yy&& - . Swift
191031891 191031D S R 21:23:31.03 18:53:06 +47:38 yy&n 0.5 phh Swift
191031780 191031C L R 18:43:54.90 07:43:27 -62:20 yy&& - . Swift
191031025 191031A L R 00:36:33.69 15:33:53 +06:09 y&&& - . Swift
191011192 191011A L R 04:35:56.43 02:58:54 -27:51 yyy& 1.722 . Swift
190829830 190829A L R 19:56:44.60 02:58:10 -08:58 yyyy 0.0785 . Swift
190828542 190828B L R 12:59:59.42 16:47:16 +27:14 yy&& - . Swift
190824616 190824A L R 14:46:39.57 14:21:19 -41:54 yy&& - . Swift
190727846 190727B L R 20:18:17.00 08:25:55 -13:16 y&&& - . Swift
190719624 190719C L R 14:58:34.39 16:00:50 +12:59 yyy& 2.469 . Swift
190613449 190613B L R 10:47:02.05 20:21:41 -04:40 yyy& - . Swift
190519309 190519A L R 07:25:39.43 07:39:03 -38:49 yy&& - . Swift
190515190 190515B L R 16:04:21.31 06:35:22 +52:18 yy&& - . Swift
190512611 190512A L I 14:40:09.10 05:29:46 -07:34 yy&& - . Swift
190511302 190511A L R 07:14:48.28 08:25:45 -20:14 yyy& - . Swift
190427190 190427A S R 04:34:14.95 18:40:51 +40:19 y&&& - . Swift
190422957 190422A L I 22:55:29.21 12:08:30 -60:14 yy&& - . Swift
190331093 190331A L R 02:14:37.50 01:54:18 +27:37 y&&& - . Swift
190324947 190324A L R 22:44:01.63 03:18:18 -47:14 yyy& 1.1715 . Swift
190320052 190320A L R 01:14:36.60 07:51:15 -45:53 yy&& - . Swift
190311600 190311A L R 14:23:33.67 14:08:24 +53:31 yyy& - . Swift
190202069 190202A L R 01:39:30.35 11:06:03 +09:23 yyy& - . Swift
190123513 190123A L R 12:19:13.19 03:32:55 +45:29 yy&& - . Swift
190114873 190114C L R 20:57:03.19 03:38:02 -26:56 yyyy 0.425 . Swift
190110726 190110A L R 17:24:48.30 18:27:32 -53:41 y&&& - . Swift
190109497 190109B L R 11:56:09.20 03:42:23 +63:35 yy&& - . Swift
190109217 190109A L I 05:12:41.78 02:12:52 +38:07 yy&& - . Swift
181228120 181228A L R 02:53:17.62 03:19:19 +13:12 yyy& - . Swift
181126413 181126A S R 09:54:08.09 10:09:24 -29:41 yy&& - . Swift
181125371 181125A L R 08:54:39.91 17:53:39 -02:37 y&&& - . Swift
181027076 181027A L R 01:48:59.39 15:01:32 +30:53 y&&& - . Swift
181010247 181010A L R 05:55:51.71 03:30:14 -23:02 yyy& 1.39 . Swift
180828790 180828A L R 18:57:34.78 17:54:48 -25:48 yy&& - . Swift
180818520 180818B L I 12:30:18.55 06:56:56 +39:20 yyy& - . Swift
180812349 180812A L R 08:22:30.23 16:23:33 +74:40 yyy& - . Swift
180805543 180805B S R 13:02:36.47 01:43:15 -17:30 yy&& 0.661 h Swift
180728728 180728A L R 17:29:00.71 16:54:17 -54:02 yyy& 0.117 . Swift
180727594 180727A S R ........... 23:06:40 -63:03 yy&& 2.0 phh Swift
180720933 180720C L R 22:23:57.64 17:42:30 -26:35 yy&& - . Swift
180720598 180720B L R 14:21:44.59 00:02:07 -02:56 yyyy 0.654 . Swift
180715755 180715A S R 18:07:05.00 15:40:17 +15:38 y&&& - . Swift
180706351 180706A L R 08:24:40.41 12:06:40 +66:02 yyy& - . Swift
180630467 180630A L R 11:11:51.80 03:15:14 -87:29 yyy& - . Swift
180620660 180620B L R 15:50:37.16 23:50:04 -57:57 yyy& 1.1175 . Swift
180618030 180618A S R 00:43:12.95 11:19:45 +73:51 yyy& 0.544 h Swift
180418281 180418A L R 06:44:06.07 11:20:27 +24:57 yyy& 1.55 phh Swift
180411519 180411A L R 12:27:43.71 23:47:19 +66:47 yy&& - . Swift
180410336 180410A L I 08:02:59.23 06:23:56 +12:48 yy&& - . Swift
180404091 180404B L R 02:11:44.07 03:33:32 -50:12 yyy& - . Swift
180402406 180402A S R 09:44:59.27 16:47:37 -14:58 yy&& - . Swift
180314030 180314A L I 00:43:31.38 06:37:06 -24:29 yyy& 1.445 . Swift
180205184 180205A L R ........... 08:27:17 +11:33 yyy& 1.409 . Swift
180204109 180204A S R 02:36:16.69 22:00:28 +30:51 yy&& - . Swift
180113116 180113A L R 02:47:06.66 01:16:52 +68:41 y&&& - . Swift
180102660 180102A L R 15:49:44.29 13:32:28 +62:09 yy&& - . Swift
171222684 171222A L I 16:24:59.80 09:53:10 +35:37 yyy& 2.409 . Swift
171120556 171120A L R 13:20:02.49 10:55:09 +22:27 yy&& - . Swift
171103965 171103A S R 23:10:31.89 16:38:09 -10:13 yy&& - . Swift
171007498 171007A L R 11:57:38.27 09:02:10 +42:51 yy&& - . Swift
170906039 170906B L R 00:55:45.73 15:28:53 -28:15 yy&& - . Swift
170906030 170906A L R 00:43:11.62 13:35:58 -47:07 yyy& - . Swift
170903534 170903A L R 12:49:07.21 16:58:03 +34:59 yy&n 0.886 h Swift
170813051 170813A L I 01:13:16.48 13:24:13 -05:28 yy&& - . Swift
170803729 170803A L R 17:30:26.92 11:39:48 -16:19 yyy& - . Swift
170711931 170711A L R 22:20:25.38 03:03:09 +47:51 yy&& - . Swift
170705115 170705A L R 02:45:47.08 12:46:49 +18:18 yyy& 2.010 . Swift
170629537 170629A L R 12:53:33.15 08:40:04 -46:35 yy&& - . Swift
170626401 170626A L R 09:37:23.12 11:01:39 +56:28 yyy& - . Swift
170607971 170607A L R 23:21:33.71 00:29:22 +09:14 yyy& 0.557 . Swift
170419898 170419B L R 21:33:46.05 04:01:59 -15:06 y&&& - . Swift
170405777 170405A L R 18:39:48.43 14:39:14 -25:15 yyy& 3.510 . Swift
170325331 170325A S R ........... 08:29:56 +20:32 y&&& - . Swift
170318644 170318B L R 15:27:52.55 18:57:07 +06:16 yy&& - . Swift
170307851 170307A L I 20:24:21.28 00:54:08 +09:32 y&&n - . Swift
170208940 170208B L R 22:33:38.91 08:28:37 -09:02 yyy& - . Swift
170208758 170208A L R 18:11:16.32 11:06:15 -46:47 yy&& - . Swift
170131969 170131A L R ........... 22:45:55 +64:00 y&&& - . Swift
170127634 170127B S R 15:13:28.67 01:19:47 -30:20 yy&& 2.2 phh Swift
170126480 170126A L R 11:30:42.28 17:34:19 -64:45 yyy& - . Swift
170113420 170113A L R 10:04:05.48 04:06:36 -71:55 yyy& 1.968 . Swift
161129300 161129A L R 07:11:39.88 21:04:46 +32:07 yyy& 0.645 . Swift
161117066 161117A L R 01:35:36.68 21:28:17 -29:38 yyy& 1.549 . Swift
161022114 161022A L R 02:43:40.14 08:35:52 +54:22 yy&n - . Swift
161017745 161017A L R 17:51:51.16 09:31:04 +43:08 yyyn 2.013 . Swift
161014522 161014A L R 12:31:22.70 22:10:31 +07:29 yyyn 2.823 . Swift
161004964 161004B L R 23:07:59.29 07:28:38 -39:54 yy&& - . Swift
161001045 161001A S R 01:05:16.49 04:47:39 -57:17 yyy& 0.67 phh Swift
160917479 160917A L R 11:30:19.34 19:42:41 +46:24 yyy& - . Swift
160912674 160912A L I 16:07:43.14 20:06:04 +57:33 yyyn - . Swift
160905471 160905A L R 11:18:58.38 10:48:57 -50:48 yyy& - . Swift
160821937 160821B S R 22:29:13.17 18:39:57 +62:24 yyyy 0.16 h Swift
160815490 160815A L R ........... 19:14:11 +84:19 yyy& - . Swift
160804065 160804A L R ........... 14:46:33 +10:00 yyy& 0.736 . Swift
160726065 160726A S R 01:34:07.38 06:35:17 -06:33 y&&& - . Swift
160714097 160714A S R 02:19:15.53 15:37:51 +63:50 y&&& - . Swift
160624477 160624A S R 11:27:01.29 22:00:49 +29:38 yy&& 0.483 h Swift
160424492 160424A L R 11:49:07.34 21:17:55 -60:24 yy&& - . Swift
160419637 160419A L R 15:16:37.41 01:05:42 -27:21 y&&& - . Swift
160411062 160411A S R 01:28:51.92 23:17:27 -40:16 yyy& - . Swift
160325291 160325A L R 07:00:03.61 01:02:23 -72:42 yyy& - . Swift
160223072 160223A L R ........... 09:50:20 +09:22 yyy& - . Swift
160220059 160220A L R 01:25:25.70 15:47:42 -18:33 yy&& - . Swift
160104475 160104A L R 11:24:10.84 05:07:13 +11:21 yyy& - . Swift
151229285 151229A S R 06:50:27.96 21:57:31 -20:44 yy&& 1.4 phh Swift
151228949 151228B L R 22:47:14.94 22:57:46 +08:05 yy&& - . Swift
151228129 151228A S R 03:05:12.38 14:16:01 -17:41 y&&& - . Swift
151205657 151205A L R 15:46:00.93 15:17:08 +35:46 yy&& - . Swift
151111356 151111A L R 08:33:23.41 03:47:19 -44:10 yyy& 3.5 ph Swift
151027166 151027A L R 03:58:24.15 18:09:58 +61:23 yyyy 0.81 . Swift
151006413 151006A L R 09:55:01.88 09:49:48 +70:31 yy&& - . Swift
151001628 151001A L R 15:04:22.93 15:34:55 +15:35 yyy& - . Swift
150831930 150831B L R 22:19:27.26 18:04:05 -27:15 yy&& - . Swift
150817087 150817A L R 02:05:13.38 16:38:34 -12:04 yyy& - . Swift
150727793 150727A L R 19:02:02.43 13:35:58 -18:21 yyy& 0.313 . Swift
150711766 150711A L R 18:23:03.68 14:46:31 -35:28 yy&& - . Swift
150607330 150607A L R 07:55:09.57 09:20:06 +68:27 yyy& - . Swift
150530488 150530A L R 11:42:18.22 21:50:06 +57:34 yy&& - . Swift
150527283 150527A L R 06:48:55.80 19:15:50 +04:12 yy&& - . Swift
150430015 150430A L R ........... 21:45:58 -27:56 yy&& - . Swift
150403913 150403A L R 21:54:16.80 20:46:01 -62:42 yyy& 2.06 . Swift
150323712 150323C L R 17:05:21.49 12:50:27 +50:12 yyy& - . Swift
150323395 150323B L R ........... 17:21:47 +38:19 yy&& - . Swift
150314205 150314A L R 04:54:52.86 08:26:38 +63:50 yyyy 1.758 . Swift
150309958 150309A L I 23:03:06.71 18:27:57 +86:26 yy&& - . Swift
150301818 150301B L R 19:38:04.02 05:56:38 -57:59 yyy& 1.5169 . Swift
150301045 150301A S R 01:04:28.35 16:17:09 -48:42 yy&& - . Swift
150204272 150204A L R ........... 10:40:58 -64:03 yy&& - . Swift
150203173 150203A L R 04:09:07.50 06:33:39 +06:58 yy&& - . Swift
150201574 150201A L R 13:46:59.70 00:47:20 -37:37 yy&& - . Swift
150120123 150120A S R 02:57:46.41 00:41:14 +33:59 yy&& 0.460 h Swift
150110923 150110B L R 22:08:30.03 19:17:26 +32:31 yy&y - . Swift
150101641 150101B S R ........... 12:32:10 -10:57 yyy& 0.134 h Swift
150101270 150101A S R 06:28:53.56 20:50:31 +36:44 yy&& - . Swift
141225959 141225A L I 23:01:07.03 09:15:00 +33:48 yyy& 0.915 . Swift
141221338 141221A L R 08:07:10.95 13:13:05 +08:13 yyy& 1.452 . Swift
141220252 141220A L R 06:02:52.65 13:00:12 +32:09 yyy& 1.3195 . Swift
141102536 141102A L R ........... 13:54:27 -47:06 y&&& - . Swift
141031304 141031A L R 07:18:26.69 08:34:24 -59:08 yy&& - . Swift
141022061 141022A L R 01:27:42.77 16:07:36 -72:08 yyy& - . Swift
141005217 141005A L R 05:13:06.55 19:24:26 +36:04 yyy& - . Swift
141004973 141004A L R 23:20:54.39 05:06:56 +12:49 yyy& 0.573 . Swift
140919636 140919A L R 15:15:15.51 14:46:13 -32:09 yyy& - . Swift
140907672 140907A L R 16:07:08.84 03:12:35 +46:36 yyy& 1.21 . Swift
140828288 140828A L R 06:54:14.04 09:28:03 +14:35 y&&& - . Swift
140716436 140716A L R ........... 07:12:32 -60:09 yyy& - . Swift
140713780 140713A L R 18:43:45.11 18:44:27 +59:37 yy&y 0.935 h Swift
140709637 140709B L R 15:15:45.00 09:44:17 +63:30 yy&& - . Swift
140709051 140709A L R 01:13:41.16 20:18:33 +51:13 yyy& - . Swift
140706815 140706A L R 19:33:33.17 03:17:13 -38:04 yyy& - . Swift
140703026 140703A L R 00:37:17.06 00:51:58 +45:06 yyyy 3.14 . Swift
140610689 140610A L R 16:31:29.44 19:05:02 +03:54 yy&& - . Swift
140521732 140521A L R 17:34:18.48 21:20:03 +67:36 y&&& - . Swift
140512814 140512A L R 19:31:49.21 19:17:29 -15:06 yyy& 0.725 . Swift
140506880 140506A L R 21:07:36.82 18:27:10 -55:34 yyy& 0.889 . Swift
140502354 140502A L R 08:30:20.48 21:16:37 +49:01 yy&& - . Swift
140423356 140423A L R 08:31:53.26 13:09:10 +49:49 yyy& 3.26 . Swift
140408553 140408A L R 13:15:54.79 19:22:44 -12:35 yy&& - . Swift
140323433 140323A L R 10:23:11.91 23:47:33 -79:55 yy&& - . Swift
140320092 140320A S R ........... 18:46:36 -02:42 yy&& - . Swift
140311885 140311B L R 21:14:29.72 16:49:10 +52:45 yyy& - . Swift
140304577 140304A L R 13:22:31.09 02:02:40 +33:29 yyyy 5.283 . Swift
140302342 140302A L R 08:12:58.81 16:55:22 -12:52 yyy& - . Swift
140213807 140213A L R 19:21:37.73 07:00:52 -73:08 yyy& 1.2076 . Swift
140209313 140209A L R 07:30:57.88 05:25:20 +32:29 yyy& - . Swift
140206275 140206A L R 07:17:20.16 09:41:24 +66:45 yyy& 2.73 . Swift
140118064 140118A L R 01:32:02.73 22:04:01 -17:57 y&&& - . Swift
140108721 140108A L R 17:18:42.52 21:40:43 +58:46 yyy& - . Swift
131229277 131229A L R 06:39:24.22 05:40:57 -04:26 yy&& 1.0 phh Swift
131128629 131128A L R 15:06:24.57 23:41:18 +31:17 yyy& - . Swift
131024900 131024B L R 21:35:31.40 09:37:37 +44:14 yy&& - . Swift
131004904 131004A L R 21:41:03.44 19:44:36 -02:58 yyy& 0.717 . Swift
131002288 131002A L R 06:54:21.28 16:53:06 +82:03 yyy& - . Swift
130925173 130925A L I 04:11:24.92 02:44:44 -26:08 yyy& 0.347 . Swift
130912358 130912A S R 08:34:57.77 03:10:28 +13:58 yyyn - . Swift
130803419 130803A L R 10:02:52.49 14:40:58 -02:28 yy&& - . Swift
130727698 130727A L R 16:45:19.52 22:03:12 -65:34 yyy& - . Swift
130716442 130716A S R ........... 11:58:18 +63:03 yy&& 2.2 h Swift
130627372 130627A L R 08:55:03.45 12:17:47 -37:05 yy&& - . Swift
130623488 130623A L R ........... 01:22:53 -77:47 yyy& - . Swift
130612141 130612A L R 03:22:22.16 17:19:13 +16:42 yyy& 2.006 . Swift
130610133 130610A L I 03:12:13.34 14:57:40 +28:11 yyy& 2.092 . Swift
130609902 130609B L R 21:38:40.41 03:35:01 -40:09 yyy& - . Swift
130609129 130609A L R 03:05:08.64 10:10:42 +24:06 yy&n - . Swift
130528695 130528A L R 16:41:23.91 09:15:39 +87:17 yy&& - . Swift
130515056 130515A S R 01:21:17.76 18:53:41 -54:17 yy&& 0.80 phh Swift
130502743 130502A L R 17:50:30.45 09:14:19 -00:09 yyy& - . Swift
130420539 130420B L R 12:56:31.07 12:12:29 +54:23 yy&& - . Swift
130420313 130420A L I 07:28:29.53 13:04:24 +59:25 yyy& 1.297 . Swift
130306991 130306A L I 23:51:01.70 18:37:55 -11:41 yy&& - . Swift
130216790 130216B L R ........... 03:55:30 +02:02 yn&& - . Swift
130216927 130216A L R 22:15:24.62 04:31:36 +14:40 yn&& - . Swift
130215063 130215A L R 01:31:30.19 02:53:55 +13:22 y&y& 0.597 . Swift
130206817 130206A L R 19:36:28.59 09:21:30 -58:10 yy&& - . Swift
121217313 121217A L R 07:17:47.89 10:14:54 -62:18 yyy& - . Swift
121211574 121211A L R 13:47:02.79 13:02:11 +30:10 yyy& 1.023 . Swift
121202181 121202A L R 04:20:05.03 17:07:16 +23:57 yy&& - . Swift
121128212 121128A L R 05:05:37.21 20:02:20 +54:19 yyy& 2.20 . Swift
121125356 121125A L R 08:32:27.27 15:14:05 +55:19 yy&& - . Swift
121123421 121123A L R 10:02:41.29 20:29:27 -11:52 yyy& - . Swift
121031949 121031A L R 22:50:30.68 11:23:05 -03:31 yy&& - . Swift
121011469 121011A L R 11:15:30.41 17:20:48 +41:08 yyy& - . Swift
120922939 120922A L R 22:30:28.65 15:39:01 -20:11 yyy& 3.1 ph Swift
120913997 120913B L R 23:55:58.09 14:14:35 -14:32 y&y& - . Swift
120911298 120911A L R 07:08:33.75 23:51:51 +63:06 yy&& - . Swift
120909070 120909A L R 01:42:03.23 18:22:44 -59:26 yyy& 3.93 . Swift
120907017 120907A L R 00:24:23.08 04:58:58 -09:18 yyy& 0.970 . Swift
120811649 120811C L R 15:34:52.17 13:18:50 +62:17 yyy& 2.671 . Swift
120729456 120729A L R 10:56:14.07 00:52:13 +49:56 yyyn 0.80 . Swift
120728934 120728A L R 22:25:11.03 09:08:24 -54:26 yyy& - . Swift
120712571 120712A L R 13:42:27.38 11:18:25 -20:04 yyy& 4.1745 . Swift
120711115 120711A L R ........... 06:18:49 -71:01 yyy& 1.405 . Swift
120521380 120521B L R 09:07:48.82 13:08:03 -52:45 yy&& - . Swift
120326056 120326A L R 01:20:29.28 18:15:42 +69:17 yyyy 1.798 . Swift
120302080 120302A L R ........... 08:09:48 +29:40 yyy& - . Swift
120212383 120212A L R 09:11:22.74 02:52:25 -18:01 yyy& - . Swift
120119170 120119A L R 04:04:30.21 08:00:07 -09:04 yyyn 1.728 . Swift
120102095 120102A L R 02:15:55.01 18:24:48 +24:44 yyy& - . Swift
111228657 111228A L R 15:44:43.60 10:00:19 +18:18 yyy& 0.714 . Swift
111117510 111117A S R 12:13:41.92 00:50:49 +23:01 yyyn 2.211 h Swift
111103441 111103A L R 10:35:13.48 21:28:29 -10:33 y&&& - . Swift
110921577 110921A L R 13:51:20.16 19:36:19 +36:23 yyy& - . Swift
110818860 110818A L R 20:37:49.20 21:09:32 -63:58 yyy& 3.36 . Swift
110731465 110731A L R 11:09:30.45 18:42:05 -28:33 yyy& 2.83 . Swift
110709642 110709A L R 15:24:29.14 15:55:35 +40:54 yy&& - . Swift
110625881 110625A L R 21:08:28.42 19:07:00 +06:45 yy&& - . Swift
110610640 110610A L R 15:21:32.02 20:32:36 +74:49 yy&& - . Swift
110420946 110420B S R 22:42:11.68 21:20:12 -41:16 y&&& - . Swift
110412315 110412A L I 07:33:21.15 08:53:58 +13:31 y&&& - . Swift
110402009 110402A S I 00:12:57.18 13:09:41 +61:14 yyy& 0.854 h Swift
110318552 110318A L R 13:14:19.60 22:33:06 -15:17 y&&& - . Swift
110213220 110213A L R 05:17:29.53 02:52:01 +49:17 yyy& 1.46 . Swift
110207470 110207A L R 11:17:19.75 00:50:10 -10:48 yn&& - . Swift
110128073 110128A L R 01:44:33.00 12:55:30 +28:05 yyy& 2.339 . Swift
110119931 110119A L R 22:20:58.37 23:14:14 +05:59 yyy& - . Swift
110106893 110106B L R 21:26:17.01 08:56:47 +47:00 yyyn 0.618 . Swift
110102788 110102A L I 18:52:25.47 16:23:31 +07:37 yyy& - . Swift
101224227 101224A S R 05:27:13.76 19:03:42 +45:43 yy&n 0.4536 h Swift
101213451 101213A L R 10:49:23.07 16:05:09 +21:55 yy&& 0.414 . Swift
101024486 101024A L R 11:39:29.82 04:25:54 -77:15 yyy& - . Swift
101023951 101023A L R 22:50:12.38 21:11:49 -65:24 yyy& - . Swift
101011707 101011A L R 16:58:35.33 03:13:12 -65:59 yyy& - . Swift
101008697 101008A L R 16:43:15.21 21:55:34 +37:04 yyy& - . Swift
100924165 100924A L R 03:58:08.89 00:02:41 +07:01 yyy& - . Swift
100906576 100906A L R 13:49:27.41 01:54:50 +55:37 yyy& 1.727 . Swift
100816026 100816A S R 00:37:51.34 23:26:58 +26:34 yyy& 0.8049 h Swift
100814160 100814A L R 03:50:11.26 01:29:55 -17:59 yyyy 1.44 . Swift
100802240 100802A L R 05:45:36.16 00:09:50 +47:45 yyy& 3.1 < Swift
100728439 100728B L R 10:31:55.82 02:56:13 +00:17 yyy& 2.106 . Swift
100728095 100728A L R 02:18:24.24 05:08:16 -14:20 yyy& 1.567 . Swift
100727238 100727A L R 05:42:17.78 10:16:40 -21:22 yy&& - . Swift
100704149 100704A L R 03:35:08.73 08:54:33 -24:13 yy&& - . Swift
100625773 100625A S R 18:32:28.37 01:03:05 -39:05 yy&& 0.452 h Swift
100619015 100619A L R 00:21:07.24 05:38:28 -27:00 yy&& - . Swift
100615083 100615A L R 01:59:03.99 11:48:50 -19:30 yy&& 1.398 . Swift
100522157 100522A L R 03:45:52.32 20:27:56 +09:25 yy&& - . Swift
100504806 100504A L R 19:20:59.51 17:02:17 -35:36 yy&& - . Swift
100427356 100427A L R ........... 05:56:41 -03:28 y&&& - . Swift
100401297 100401A L R ........... 19:23:15 -08:15 yn&& - . Swift
100212588 100212A L R 14:07:22.02 23:45:51 +49:30 yyy& - . Swift
100206563 100206A S R 13:30:05.37 03:08:42 +13:10 yy&& 0.4068 h Swift
100117879 100117A S R 21:06:19.51 00:45:02 -01:36 yyy& 0.92 phh Swift
100111176 100111A L R 04:12:49.03 16:28:09 +15:33 yyy& - . Swift
091221870 091221 L R 20:52:52.29 03:43:01 +23:13 yyy& - . Swift
091208410 091208B L R 09:49:57.99 01:57:39 +16:53 yyy& 1.063 . Swift
091127976 091127 L R 23:25:45.80 02:26:17 -18:57 yyyn 0.49 . Swift
091112737 091112 L R 17:41:21.08 17:11:00 -36:44 y&&& - . Swift
091102607 091102 L R 14:34:38.35 04:50:29 -72:32 yy&& - . Swift
091024372 091024 L R 08:56:01.26 22:36:50 +56:52 yyy& 1.092 . Swift
091020900 091020 L R 21:36:44.66 11:42:52 +50:58 yyyy 1.71 . Swift
090927422 090927 L R 10:07:16.92 22:55:49 -70:59 yyy& 1.37 . Swift
090926914 090926B L R 21:55:48.41 03:05:16 -39:01 yyy& 1.24 . Swift
090904058 090904B L R 01:24:18.11 17:36:46 -25:13 yyy& - . Swift
090813174 090813 L R 04:10:43.00 15:08:04 +88:34 yyy& - . Swift
090712160 090712 L R 03:51:05.17 04:40:25 +22:33 y&&& - . Swift
090709630 090709B L R 15:07:42.87 06:14:22 +64:05 y&&& - . Swift
090708152 090708 L R 03:38:15.26 10:18:31 +26:38 y&&& - . Swift
090621922 090621B S R 22:07:25.39 20:53:44 +69:01 yy&& - . Swift
090621185 090621 L R 04:22:43.15 00:43:57 +61:58 yy&& - . Swift
090618353 090618 L R 08:28:29.85 19:36:05 +78:21 yyyy 0.54 . Swift
090531775 090531B L R 18:35:56.17 16:48:15 -36:01 yy&& - . Swift
090518080 090518 L R 01:54:44.27 07:59:44 +00:46 yy&& - . Swift
090516353 090516 L R 08:27:50.77 09:13:05 -11:51 yyy& 4.109 . Swift
090510016 090510 S R 00:23:00.48 22:14:13 -26:36 yyyn 0.903 h Swift
090509215 090509 L R 05:10:03.59 16:05:37 -28:24 yny& - . Swift
090424592 090424 L R 14:12:09.33 12:38:09 +16:50 yyyy 0.544 . Swift
090423330 090423 L R 07:55:19.34 09:55:35 +18:07 yyyy 8.26 . Swift
090422150 090422 L R 03:35:16.60 19:39:01 +40:23 yy&& - . Swift
090129880 090129 L R 21:07:15.28 17:56:22 -32:50 y&&& - . Swift
081226044 081226 S R 01:03:37.37 08:02:06 -69:00 yy&n - . Swift
081222204 081222 L R 04:53:59.97 01:31:00 -34:08 yyy& 2.77 . Swift
081126899 081126 L R 21:34:10.28 21:34:10 +48:43 yyyn - . Swift
081121858 081121 L R 20:35:32.85 05:57:03 -60:38 yyy& 2.512 . Swift
081109293 081109 L R 07:02:06.61 22:03:09 -54:43 yyyn 0.9787 . Swift
081102739 081102 L R 17:44:39.52 22:04:44 +53:00 yy&& - . Swift
081101491 081101 S R 11:46:31.97 06:23:18 -00:05 y&&& - . Swift
081025349 081025 L R ........... 16:21:12 +60:28 y&&& - . Swift
081012549 081012 L R 13:10:23.90 02:00:52 -17:38 yy&& - . Swift
081007224 081007 L R 05:23:52.74 22:39:54 -40:08 yyyy 0.5295 . Swift
080928628 080928 L I 15:01:32.86 06:20:20 -55:10 yyy& 1.692 . Swift
080916406 080916 L R 09:45:20.61 22:25:12 -57:01 yyy& 0.689 . Swift
080905705 080905B L R 16:55:45.40 20:06:53 -62:34 yyy& 2.374 . Swift
080905499 080905 S R 11:58:54.97 19:10:39 -18:53 yyy& 0.1218 h Swift
